"../../Plugins/2D/Paper2D/Content/PlaceholderTextures/DummySpriteTexture.uasset" 0
"../../Plugins/2D/Paper2D/Content/DummySpriteTexture.uasset" 1
"../../Plugins/2D/Paper2D/Content/DefaultSpriteMaterial.uasset" 2
"../../Plugins/2D/Paper2D/Content/TranslucentUnlitSpriteMaterial.uasset" 3
"../../../../../../Users/hasan/Documents/Unreal Projects/Tanks/Content/Sprites/explosion_Sprite_0.uasset" 4
"../../../../../../Users/hasan/Documents/Unreal Projects/Tanks/Content/Sprites/explosion_Sprite_10.uasset" 5
"../../../../../../Users/hasan/Documents/Unreal Projects/Tanks/Content/Sprites/explosion_Sprite_3.uasset" 6
"../../../../../../Users/hasan/Documents/Unreal Projects/Tanks/Content/Sprites/explosion_Sprite_4.uasset" 7
"../../../../../../Users/hasan/Documents/Unreal Projects/Tanks/Content/Sprites/explosion_Sprite_7.uasset" 8
"../../../../../../Users/hasan/Documents/Unreal Projects/Tanks/Content/Sprites/explosion_Sprite_9.uasset" 9
"../../../../../../Users/hasan/Documents/Unreal Projects/Tanks/Content/paperFlipbooks/explosion.uasset" 10
"../../../../../../Users/hasan/Documents/Unreal Projects/Tanks/Content/Sounds/qubodup-BangMid.uasset" 11
"../../../../../../Users/hasan/Documents/Unreal Projects/Tanks/Content/Sprites/bulletBlue_horizontal_Sprite.uasset" 12
"../../../../../../Users/hasan/Documents/Unreal Projects/Tanks/Content/RegularMissileBP.uasset" 13
"../../../../../../Users/hasan/Documents/Unreal Projects/Tanks/Content/Sprites/Textures/BlueBarrelHorizontal.uasset" 14
"../../../../../../Users/hasan/Documents/Unreal Projects/Tanks/Content/Sprites/BlueBarrelHorizontal_Sprite.uasset" 15
"../../../../../../Users/hasan/Documents/Unreal Projects/Tanks/Content/RegularTurretBP.uasset" 16
"../../../../../../Users/hasan/Documents/Unreal Projects/Tanks/Content/Sounds/gargant_die.uasset" 17
"../../../../../../Users/hasan/Documents/Unreal Projects/Tanks/Content/Sprites/BlueTankBody.uasset" 18
"../../../../../../Users/hasan/Documents/Unreal Projects/Tanks/Content/TankBP.uasset" 19
"../../../../../../Users/hasan/Documents/Unreal Projects/Tanks/Content/TankPlayerControllerBP.uasset" 20
"../../../../../../Users/hasan/Documents/Unreal Projects/Tanks/Content/MyTanksGameModeBase.uasset" 21
"../../../../../../Users/hasan/Documents/Unreal Projects/Tanks/Content/Sprites/Textures/Smoke/smokeGrey1.uasset" 22
"../../../../../../Users/hasan/Documents/Unreal Projects/Tanks/Content/Sprites/smokeGrey1_Sprite.uasset" 23
"../../../../../../Users/hasan/Documents/Unreal Projects/Tanks/Content/Sprites/Textures/Smoke/smokeGrey2.uasset" 24
"../../../../../../Users/hasan/Documents/Unreal Projects/Tanks/Content/Sprites/smokeGrey2_Sprite.uasset" 25
"../../../../../../Users/hasan/Documents/Unreal Projects/Tanks/Content/Sprites/Textures/Smoke/smokeGrey3.uasset" 26
"../../../../../../Users/hasan/Documents/Unreal Projects/Tanks/Content/Sprites/smokeGrey3_Sprite.uasset" 27
"../../../../../../Users/hasan/Documents/Unreal Projects/Tanks/Content/paperFlipbooks/MissileExplosion.uasset" 28
"../../../../../../Users/hasan/Documents/Unreal Projects/Tanks/Content/Sprites/Textures/Tanks/barrelBlue_outline.uasset" 29
"../../../../../../Users/hasan/Documents/Unreal Projects/Tanks/Content/Sprites/BlueBarrel.uasset" 30
"../../../../../../Users/hasan/Documents/Unreal Projects/Tanks/Content/Sprites/Textures/Tanks/BlueTankTurret.uasset" 31
"../../../../../../Users/hasan/Documents/Unreal Projects/Tanks/Content/Sprites/BlueBullet.uasset" 32
"../../../../../../Users/hasan/Documents/Unreal Projects/Tanks/Content/Sprites/BlueTankTurret.uasset" 33
"../../../../../../Users/hasan/Documents/Unreal Projects/Tanks/Content/Sprites/explosion_Sprite_1.uasset" 34
"../../../../../../Users/hasan/Documents/Unreal Projects/Tanks/Content/Sprites/explosion_Sprite_2.uasset" 35
"../../../../../../Users/hasan/Documents/Unreal Projects/Tanks/Content/Sprites/explosion_Sprite_5.uasset" 36
"../../../../../../Users/hasan/Documents/Unreal Projects/Tanks/Content/Sprites/explosion_Sprite_6.uasset" 37
"../../../../../../Users/hasan/Documents/Unreal Projects/Tanks/Content/Sprites/explosion_Sprite_8.uasset" 38
"../../../../../../Users/hasan/Documents/Unreal Projects/Tanks/Content/Sprites/Textures/Smoke/smokeGrey4.uasset" 39
"../../../../../../Users/hasan/Documents/Unreal Projects/Tanks/Content/Sprites/smokeGrey4_Sprite.uasset" 40
"../../../../../../Users/hasan/Documents/Unreal Projects/Tanks/Content/Sprites/Textures/BlueBulletHorizontal.uasset" 41
"../../../../../../Users/hasan/Documents/Unreal Projects/Tanks/Content/Sprites/Textures/bulletBlue_horizontal.uasset" 42
"../../../../../../Users/hasan/Documents/Unreal Projects/Tanks/Content/Sprites/Textures/explosion.uasset" 43
"../../../../../../Users/hasan/Documents/Unreal Projects/Tanks/Content/Sprites/Textures/Bullets/bulletBeige.uasset" 44
"../../../../../../Users/hasan/Documents/Unreal Projects/Tanks/Content/Sprites/Textures/Bullets/bulletBeigeSilver.uasset" 45
"../../../../../../Users/hasan/Documents/Unreal Projects/Tanks/Content/Sprites/Textures/Bullets/bulletBeigeSilver_outline.uasset" 46
"../../../../../../Users/hasan/Documents/Unreal Projects/Tanks/Content/Sprites/Textures/Bullets/bulletBeige_outline.uasset" 47
"../../../../../../Users/hasan/Documents/Unreal Projects/Tanks/Content/Sprites/Textures/Bullets/bulletBlue.uasset" 48
"../../../../../../Users/hasan/Documents/Unreal Projects/Tanks/Content/Sprites/Textures/Bullets/bulletBlueSilver.uasset" 49
"../../../../../../Users/hasan/Documents/Unreal Projects/Tanks/Content/Sprites/Textures/Bullets/bulletBlueSilver_outline.uasset" 50
"../../../../../../Users/hasan/Documents/Unreal Projects/Tanks/Content/Sprites/Textures/Bullets/bulletGreen.uasset" 51
"../../../../../../Users/hasan/Documents/Unreal Projects/Tanks/Content/Sprites/Textures/Bullets/bulletGreenSilver.uasset" 52
"../../../../../../Users/hasan/Documents/Unreal Projects/Tanks/Content/Sprites/Textures/Bullets/bulletGreenSilver_outline.uasset" 53
"../../../../../../Users/hasan/Documents/Unreal Projects/Tanks/Content/Sprites/Textures/Bullets/bulletGreen_outline.uasset" 54
"../../../../../../Users/hasan/Documents/Unreal Projects/Tanks/Content/Sprites/Textures/Bullets/bulletRed.uasset" 55
"../../../../../../Users/hasan/Documents/Unreal Projects/Tanks/Content/Sprites/Textures/Bullets/bulletRedSilver.uasset" 56
"../../../../../../Users/hasan/Documents/Unreal Projects/Tanks/Content/Sprites/Textures/Bullets/bulletRedSilver_outline.uasset" 57
"../../../../../../Users/hasan/Documents/Unreal Projects/Tanks/Content/Sprites/Textures/Bullets/bulletRed_outline.uasset" 58
"../../../../../../Users/hasan/Documents/Unreal Projects/Tanks/Content/Sprites/Textures/Bullets/bulletSilver.uasset" 59
"../../../../../../Users/hasan/Documents/Unreal Projects/Tanks/Content/Sprites/Textures/Bullets/bulletSilverSilver.uasset" 60
"../../../../../../Users/hasan/Documents/Unreal Projects/Tanks/Content/Sprites/Textures/Bullets/bulletSilverSilver_outline.uasset" 61
"../../../../../../Users/hasan/Documents/Unreal Projects/Tanks/Content/Sprites/Textures/Bullets/bulletSilver_outline.uasset" 62
"../../../../../../Users/hasan/Documents/Unreal Projects/Tanks/Content/Sprites/Textures/Bullets/bulletYellow.uasset" 63
"../../../../../../Users/hasan/Documents/Unreal Projects/Tanks/Content/Sprites/Textures/Bullets/bulletYellowSilver.uasset" 64
"../../../../../../Users/hasan/Documents/Unreal Projects/Tanks/Content/Sprites/Textures/Bullets/bulletYellowSilver_outline.uasset" 65
"../../../../../../Users/hasan/Documents/Unreal Projects/Tanks/Content/Sprites/Textures/Bullets/bulletYellow_outline.uasset" 66
"../../../../../../Users/hasan/Documents/Unreal Projects/Tanks/Content/Sprites/Textures/Environment/dirt.uasset" 67
"../../../../../../Users/hasan/Documents/Unreal Projects/Tanks/Content/Sprites/Textures/Environment/grass.uasset" 68
"../../../../../../Users/hasan/Documents/Unreal Projects/Tanks/Content/Sprites/Textures/Environment/sand.uasset" 69
"../../../../../../Users/hasan/Documents/Unreal Projects/Tanks/Content/Sprites/Textures/Environment/treeLarge.uasset" 70
"../../../../../../Users/hasan/Documents/Unreal Projects/Tanks/Content/Sprites/Textures/Environment/treeSmall.uasset" 71
"../../../../../../Users/hasan/Documents/Unreal Projects/Tanks/Content/Sprites/Textures/Gargant/gargant-berserker-attack-wounded.uasset" 72
"../../../../../../Users/hasan/Documents/Unreal Projects/Tanks/Content/Sprites/Textures/Gargant/gargant-berserker-attack.uasset" 73
"../../../../../../Users/hasan/Documents/Unreal Projects/Tanks/Content/Sprites/Textures/Gargant/gargant-berserker-death-0.uasset" 74
"../../../../../../Users/hasan/Documents/Unreal Projects/Tanks/Content/Sprites/Textures/Gargant/gargant-berserker-death-1.uasset" 75
"../../../../../../Users/hasan/Documents/Unreal Projects/Tanks/Content/Sprites/Textures/Gargant/gargant-berserker-move-wounded.uasset" 76
"../../../../../../Users/hasan/Documents/Unreal Projects/Tanks/Content/Sprites/Textures/Gargant/gargant-berserker-move.uasset" 77
"../../../../../../Users/hasan/Documents/Unreal Projects/Tanks/Content/Sprites/Textures/Gargant/gargant-boss-attack-wounded.uasset" 78
"../../../../../../Users/hasan/Documents/Unreal Projects/Tanks/Content/Sprites/Textures/Gargant/gargant-boss-attack.uasset" 79
"../../../../../../Users/hasan/Documents/Unreal Projects/Tanks/Content/Sprites/Textures/Gargant/gargant-boss-death-0.uasset" 80
"../../../../../../Users/hasan/Documents/Unreal Projects/Tanks/Content/Sprites/Textures/Gargant/gargant-boss-death-1.uasset" 81
"../../../../../../Users/hasan/Documents/Unreal Projects/Tanks/Content/Sprites/Textures/Gargant/gargant-boss-move-wounded.uasset" 82
"../../../../../../Users/hasan/Documents/Unreal Projects/Tanks/Content/Sprites/Textures/Gargant/gargant-boss-move.uasset" 83
"../../../../../../Users/hasan/Documents/Unreal Projects/Tanks/Content/Sprites/Textures/Gargant/gargant-lord-attack-wounded.uasset" 84
"../../../../../../Users/hasan/Documents/Unreal Projects/Tanks/Content/Sprites/Textures/Gargant/gargant-lord-attack.uasset" 85
"../../../../../../Users/hasan/Documents/Unreal Projects/Tanks/Content/Sprites/Textures/Gargant/gargant-lord-death-0.uasset" 86
"../../../../../../Users/hasan/Documents/Unreal Projects/Tanks/Content/Sprites/Textures/Gargant/gargant-lord-death-1.uasset" 87
"../../../../../../Users/hasan/Documents/Unreal Projects/Tanks/Content/Sprites/Textures/Gargant/gargant-lord-move-wounded.uasset" 88
"../../../../../../Users/hasan/Documents/Unreal Projects/Tanks/Content/Sprites/Textures/Gargant/gargant-lord-move.uasset" 89
"../../../../../../Users/hasan/Documents/Unreal Projects/Tanks/Content/Sprites/Textures/Gargant/gargant/Dead_gargant.uasset" 90
"../../../../../../Users/hasan/Documents/Unreal Projects/Tanks/Content/Sprites/Textures/Gargant/gargant/gargant-attack-wounded.uasset" 91
"../../../../../../Users/hasan/Documents/Unreal Projects/Tanks/Content/Sprites/Textures/Gargant/gargant/gargant-death-0.uasset" 92
"../../../../../../Users/hasan/Documents/Unreal Projects/Tanks/Content/Sprites/Textures/Gargant/gargant/gargant-death-1.uasset" 93
"../../../../../../Users/hasan/Documents/Unreal Projects/Tanks/Content/Sprites/Textures/Gargant/gargant/gargant-move-wounded.uasset" 94
"../../../../../../Users/hasan/Documents/Unreal Projects/Tanks/Content/Sprites/Textures/Obstacles/barrelGreen_side.uasset" 95
"../../../../../../Users/hasan/Documents/Unreal Projects/Tanks/Content/Sprites/Textures/Obstacles/barrelGreen_side_damaged.uasset" 96
"../../../../../../Users/hasan/Documents/Unreal Projects/Tanks/Content/Sprites/Textures/Obstacles/barrelGreen_up.uasset" 97
"../../../../../../Users/hasan/Documents/Unreal Projects/Tanks/Content/Sprites/Textures/Obstacles/barrelGrey_sde_rust.uasset" 98
"../../../../../../Users/hasan/Documents/Unreal Projects/Tanks/Content/Sprites/Textures/Obstacles/barrelGrey_side.uasset" 99
"../../../../../../Users/hasan/Documents/Unreal Projects/Tanks/Content/Sprites/Textures/Obstacles/barrelGrey_up.uasset" 100
"../../../../../../Users/hasan/Documents/Unreal Projects/Tanks/Content/Sprites/Textures/Obstacles/barrelRed_side.uasset" 101
"../../../../../../Users/hasan/Documents/Unreal Projects/Tanks/Content/Sprites/Textures/Obstacles/barrelRed_up.uasset" 102
"../../../../../../Users/hasan/Documents/Unreal Projects/Tanks/Content/Sprites/Textures/Obstacles/oil.uasset" 103
"../../../../../../Users/hasan/Documents/Unreal Projects/Tanks/Content/Sprites/Textures/Obstacles/sandbagBeige.uasset" 104
"../../../../../../Users/hasan/Documents/Unreal Projects/Tanks/Content/Sprites/Textures/Obstacles/sandbagBrown.uasset" 105
"../../../../../../Users/hasan/Documents/Unreal Projects/Tanks/Content/Sprites/Textures/Smoke/smokeGrey0.uasset" 106
"../../../../../../Users/hasan/Documents/Unreal Projects/Tanks/Content/Sprites/Textures/Smoke/smokeGrey5.uasset" 107
"../../../../../../Users/hasan/Documents/Unreal Projects/Tanks/Content/Sprites/Textures/Smoke/smokeOrange0.uasset" 108
"../../../../../../Users/hasan/Documents/Unreal Projects/Tanks/Content/Sprites/Textures/Smoke/smokeOrange1.uasset" 109
"../../../../../../Users/hasan/Documents/Unreal Projects/Tanks/Content/Sprites/Textures/Smoke/smokeOrange2.uasset" 110
"../../../../../../Users/hasan/Documents/Unreal Projects/Tanks/Content/Sprites/Textures/Smoke/smokeOrange3.uasset" 111
"../../../../../../Users/hasan/Documents/Unreal Projects/Tanks/Content/Sprites/Textures/Smoke/smokeOrange4.uasset" 112
"../../../../../../Users/hasan/Documents/Unreal Projects/Tanks/Content/Sprites/Textures/Smoke/smokeOrange5.uasset" 113
"../../../../../../Users/hasan/Documents/Unreal Projects/Tanks/Content/Sprites/Textures/Smoke/smokeWhite0.uasset" 114
"../../../../../../Users/hasan/Documents/Unreal Projects/Tanks/Content/Sprites/Textures/Smoke/smokeWhite1.uasset" 115
"../../../../../../Users/hasan/Documents/Unreal Projects/Tanks/Content/Sprites/Textures/Smoke/smokeWhite2.uasset" 116
"../../../../../../Users/hasan/Documents/Unreal Projects/Tanks/Content/Sprites/Textures/Smoke/smokeWhite3.uasset" 117
"../../../../../../Users/hasan/Documents/Unreal Projects/Tanks/Content/Sprites/Textures/Smoke/smokeWhite4.uasset" 118
"../../../../../../Users/hasan/Documents/Unreal Projects/Tanks/Content/Sprites/Textures/Smoke/smokeWhite5.uasset" 119
"../../../../../../Users/hasan/Documents/Unreal Projects/Tanks/Content/Sprites/Textures/Smoke/smokeYellow0.uasset" 120
"../../../../../../Users/hasan/Documents/Unreal Projects/Tanks/Content/Sprites/Textures/Smoke/smokeYellow1.uasset" 121
"../../../../../../Users/hasan/Documents/Unreal Projects/Tanks/Content/Sprites/Textures/Smoke/smokeYellow2.uasset" 122
"../../../../../../Users/hasan/Documents/Unreal Projects/Tanks/Content/Sprites/Textures/Smoke/smokeYellow3.uasset" 123
"../../../../../../Users/hasan/Documents/Unreal Projects/Tanks/Content/Sprites/Textures/Smoke/smokeYellow4.uasset" 124
"../../../../../../Users/hasan/Documents/Unreal Projects/Tanks/Content/Sprites/Textures/Smoke/smokeYellow5.uasset" 125
"../../../../../../Users/hasan/Documents/Unreal Projects/Tanks/Content/Sprites/Textures/Tanks/barrelBeige.uasset" 126
"../../../../../../Users/hasan/Documents/Unreal Projects/Tanks/Content/Sprites/Textures/Tanks/barrelBeige_outline.uasset" 127
"../../../../../../Users/hasan/Documents/Unreal Projects/Tanks/Content/Sprites/Textures/Tanks/barrelBlack.uasset" 128
"../../../../../../Users/hasan/Documents/Unreal Projects/Tanks/Content/Sprites/Textures/Tanks/barrelBlack_outline.uasset" 129
"../../../../../../Users/hasan/Documents/Unreal Projects/Tanks/Content/Sprites/Textures/Tanks/barrelBlue.uasset" 130
"../../../../../../Users/hasan/Documents/Unreal Projects/Tanks/Content/Sprites/Textures/Tanks/barrelGreen.uasset" 131
"../../../../../../Users/hasan/Documents/Unreal Projects/Tanks/Content/Sprites/Textures/Tanks/barrelGreen_outline.uasset" 132
"../../../../../../Users/hasan/Documents/Unreal Projects/Tanks/Content/Sprites/Textures/Tanks/barrelRed.uasset" 133
"../../../../../../Users/hasan/Documents/Unreal Projects/Tanks/Content/Sprites/Textures/Tanks/barrelRed_outline.uasset" 134
"../../../../../../Users/hasan/Documents/Unreal Projects/Tanks/Content/Sprites/Textures/Tanks/BlueTankBody.uasset" 135
"../../../../../../Users/hasan/Documents/Unreal Projects/Tanks/Content/Sprites/Textures/Tanks/tankBeige.uasset" 136
"../../../../../../Users/hasan/Documents/Unreal Projects/Tanks/Content/Sprites/Textures/Tanks/tankBeige_outline.uasset" 137
"../../../../../../Users/hasan/Documents/Unreal Projects/Tanks/Content/Sprites/Textures/Tanks/tankBlack.uasset" 138
"../../../../../../Users/hasan/Documents/Unreal Projects/Tanks/Content/Sprites/Textures/Tanks/tankBlack_outline.uasset" 139
"../../../../../../Users/hasan/Documents/Unreal Projects/Tanks/Content/Sprites/Textures/Tanks/tankBlue_outline.uasset" 140
"../../../../../../Users/hasan/Documents/Unreal Projects/Tanks/Content/Sprites/Textures/Tanks/tankGreen.uasset" 141
"../../../../../../Users/hasan/Documents/Unreal Projects/Tanks/Content/Sprites/Textures/Tanks/tankGreen_outline.uasset" 142
"../../../../../../Users/hasan/Documents/Unreal Projects/Tanks/Content/Sprites/Textures/Tanks/tankRed.uasset" 143
"../../../../../../Users/hasan/Documents/Unreal Projects/Tanks/Content/Sprites/Textures/Tanks/tankRed_outline.uasset" 144
"../../../../../../Users/hasan/Documents/Unreal Projects/Tanks/Content/Sprites/Textures/Tanks/tracksLarge.uasset" 145
"../../../../../../Users/hasan/Documents/Unreal Projects/Tanks/Content/Sprites/Textures/Tanks/tracksSmall.uasset" 146
"../../../Engine/Content/Animation/DefaultAnimCurveCompressionSettings.uasset" 147
"../../../Engine/Content/Functions/Engine_MaterialFunctions01/Opacity/CameraDepthFade.uasset" 148
"../../../Engine/Content/EngineMaterials/T_Default_Material_Grid_M.uasset" 149
"../../../Engine/Content/EngineMaterials/T_Default_Material_Grid_N.uasset" 150
"../../../Engine/Content/EngineMaterials/WorldGridMaterial.uasset" 151
"../../../Engine/Content/ArtTools/RenderToTexture/Meshes/S_1_Unit_Plane.uasset" 152
"../../../Engine/Content/EngineMaterials/DefaultMaterial.uasset" 153
"../../../Engine/Content/BasicShapes/Cone.uasset" 154
"../../../Engine/Content/BasicShapes/Cube.uasset" 155
"../../../Engine/Content/BasicShapes/Cylinder.uasset" 156
"../../../Engine/Content/BasicShapes/Plane.uasset" 157
"../../../Engine/Content/BasicShapes/Sphere.uasset" 158
"../../../Engine/Content/EditorLandscapeResources/DataLayer.uasset" 159
"../../../Engine/Content/EditorMaterials/MAT_Groups_Toggle.uasset" 160
"../../../Engine/Content/EditorMaterials/MAT_Groups_Visibility.uasset" 161
"../../../Engine/Content/EditorMaterials/PreviewShadowIndicator.uasset" 162
"../../../Engine/Content/EditorMaterials/PreviewShadowIndicatorMaterial.uasset" 163
"../../../Engine/Content/EditorMaterials/MatineeGroups/MAT_ColorTrack.uasset" 164
"../../../Engine/Content/EditorMaterials/MatineeGroups/MAT_Groups_Anim.uasset" 165
"../../../Engine/Content/EditorMaterials/MatineeGroups/MAT_Groups_AudioMaster.uasset" 166
"../../../Engine/Content/EditorMaterials/MatineeGroups/MAT_Groups_Director.uasset" 167
"../../../Engine/Content/EditorMaterials/MatineeGroups/MAT_Groups_Event.uasset" 168
"../../../Engine/Content/EditorMaterials/MatineeGroups/MAT_Groups_Fade.uasset" 169
"../../../Engine/Content/EditorMaterials/MatineeGroups/MAT_Groups_Float.uasset" 170
"../../../Engine/Content/EditorMaterials/MatineeGroups/MAT_Groups_Move.uasset" 171
"../../../Engine/Content/EditorMaterials/MatineeGroups/MAT_Groups_Slomo.uasset" 172
"../../../Engine/Content/EditorMaterials/MatineeGroups/MAT_Groups_Sound.uasset" 173
"../../../Engine/Content/EditorMaterials/MatineeGroups/MAT_Groups_Vector.uasset" 174
"../../../Engine/Content/EditorMaterials/ParticleSystems/PSysThumbnail_NoImage.uasset" 175
"../../../Engine/Content/EditorMaterials/ParticleSystems/PSysThumbnail_OOD.uasset" 176
"../../../Engine/Content/EditorMaterials/Camera/CineMat.uasset" 177
"../../../Engine/Content/EditorMaterials/Camera/MI_CineMat_Rig.uasset" 178
"../../../Engine/Content/EditorMeshes/Camera/SM_CraneRig_Arm.uasset" 179
"../../../Engine/Content/EditorMeshes/Camera/SM_CraneRig_Base.uasset" 180
"../../../Engine/Content/EditorMeshes/Camera/SM_CraneRig_Body.uasset" 181
"../../../Engine/Content/EditorMeshes/Camera/SM_CraneRig_Mount.uasset" 182
"../../../Engine/Content/EditorMeshes/Camera/SM_RailRig_Mount.uasset" 183
"../../../Engine/Content/EditorMeshes/Camera/SM_RailRig_Track.uasset" 184
"../../../Engine/Content/EditorResources/BSPVertex.uasset" 185
"../../../Engine/Content/EditorResources/EmptyActor.uasset" 186
"../../../Engine/Content/EditorResources/S_Actor.uasset" 187
"../../../Engine/Content/EditorResources/S_Note.uasset" 188
"../../../Engine/Content/EditorResources/S_Solver.uasset" 189
"../../../Engine/Content/EditorResources/S_Trigger.uasset" 190
"../../../Engine/Content/EditorResources/LightIcons/S_LightError.uasset" 191
"../../../Engine/Content/EditorResources/SequenceRecorder/Countdown.uasset" 192
"../../../Engine/Content/EditorResources/SequenceRecorder/RecordingIndicator.uasset" 193
"../../../Engine/Content/EditorSounds/Notifications/CompileFailed.uasset" 194
"../../../Engine/Content/EditorSounds/Notifications/CompileFailed_Cue.uasset" 195
"../../../Engine/Content/EditorSounds/Notifications/CompileSuccess.uasset" 196
"../../../Engine/Content/EditorSounds/Notifications/CompileStart_Cue.uasset" 197
"../../../Engine/Content/EditorSounds/Notifications/CompileSuccess_Cue.uasset" 198
"../../../Engine/Content/EngineDamageTypes/DmgTypeBP_Environmental.uasset" 199
"../../../Engine/Content/EngineDebugMaterials/DebugEditorMaterial.uasset" 200
"../../../Engine/Content/EngineDebugMaterials/DebugMeshMaterial.uasset" 201
"../../../Engine/Content/EngineDebugMaterials/M_SimpleTranslucent.uasset" 202
"../../../Engine/Content/Functions/Engine_MaterialFunctions02/Utility/CameraDirectionVector.uasset" 203
"../../../Engine/Content/EngineDebugMaterials/VolumeToRender.uasset" 204
"../../../Engine/Content/EngineDebugMaterials/M_VolumeRenderSphereTracePP.uasset" 205
"../../../Engine/Content/EngineDebugMaterials/WireframeMaterial.uasset" 206
"../../../Engine/Content/EngineFonts/Faces/DroidSansFallback.uasset" 207
"../../../Engine/Content/EngineFonts/Faces/RobotoBold.uasset" 208
"../../../Engine/Content/EngineFonts/Faces/RobotoBoldItalic.uasset" 209
"../../../Engine/Content/EngineFonts/Faces/RobotoItalic.uasset" 210
"../../../Engine/Content/EngineFonts/Faces/RobotoLight.uasset" 211
"../../../Engine/Content/EngineFonts/Faces/RobotoRegular.uasset" 212
"../../../Engine/Content/EngineFonts/Roboto.uasset" 213
"../../../Engine/Content/EngineMaterials/BaseFlattenDiffuseMap.uasset" 214
"../../../Engine/Content/EngineMaterials/BaseFlattenEmissiveMap.uasset" 215
"../../../Engine/Content/EngineMaterials/BaseFlattenGrayscaleMap.uasset" 216
"../../../Engine/Content/EngineMaterials/BaseFlattenNormalMap.uasset" 217
"../../../Engine/Content/EngineMaterials/BaseFlattenMaterial.uasset" 218
"../../../Engine/Content/EngineMaterials/BlueNoise.uasset" 219
"../../../Engine/Content/EngineMaterials/DefaultBloomKernel.uasset" 220
"../../../Engine/Content/EngineMaterials/DefaultBokeh.uasset" 221
"../../../Engine/Content/EngineMaterials/DefaultDiffuse.uasset" 222
"../../../Engine/Content/EngineMaterials/DefaultDeferredDecalMaterial.uasset" 223
"../../../Engine/Content/EngineMaterials/DefaultLightFunctionMaterial.uasset" 224
"../../../Engine/Content/EngineMaterials/DefaultPhysicalMaterial.uasset" 225
"../../../Engine/Content/Functions/Engine_MaterialFunctions02/Utility/BreakOutFloat2Components.uasset" 226
"../../../Engine/Content/EngineMaterials/DefaultPostProcessMaterial.uasset" 227
"../../../Engine/Content/EngineFonts/RobotoDistanceField.uasset" 228
"../../../Engine/Content/EngineMaterials/DefaultTextMaterialOpaque.uasset" 229
"../../../Engine/Content/EngineMaterials/DefaultVirtualTextureMaterial.uasset" 230
"../../../Engine/Content/EngineMaterials/DefaultWhiteGrid.uasset" 231
"../../../Engine/Content/EngineMaterials/DefaultWhiteGrid_Low.uasset" 232
"../../../Engine/Content/EngineMaterials/EmissiveMeshMaterial.uasset" 233
"../../../Engine/Content/EngineMaterials/GizmoMaterial.uasset" 234
"../../../Engine/Content/EngineMaterials/Good64x64TilingNoiseHighFreq.uasset" 235
"../../../Engine/Content/EngineMaterials/HairDefaultMaterial.uasset" 236
"../../../Engine/Content/EngineMaterials/MiniFont.uasset" 237
"../../../Engine/Content/EngineMaterials/InvalidLightmapSettings.uasset" 238
"../../../Engine/Content/EngineMaterials/M_InvalidLightmapSettings.uasset" 239
"../../../Engine/Content/Functions/Engine_MaterialFunctions02/WorldPositionOffset/CameraOffset.uasset" 240
"../../../Engine/Content/EngineMaterials/PhAT_JointLimitMaterial.uasset" 241
"../../../Engine/Content/EngineMaterials/PreintegratedSkinBRDF.uasset" 242
"../../../Engine/Content/EngineMaterials/RemoveSurfaceMaterial.uasset" 243
"../../../Engine/Content/EngineMaterials/WeightMapPlaceholderTexture.uasset" 244
"../../../Engine/Content/EngineResources/WhiteSquareTexture.uasset" 245
"../../../Engine/Content/EngineMaterials/Widget3DPassThrough.uasset" 246
"../../../Engine/Content/EngineMaterials/Widget3DPassThrough_Masked.uasset" 247
"../../../Engine/Content/EngineMaterials/Widget3DPassThrough_Opaque.uasset" 248
"../../../Engine/Content/EngineMaterials/Widget3DPassThrough_Masked_OneSided.uasset" 249
"../../../Engine/Content/EngineMaterials/Widget3DPassThrough_Opaque_OneSided.uasset" 250
"../../../Engine/Content/EngineMaterials/Widget3DPassThrough_Translucent.uasset" 251
"../../../Engine/Content/EngineMaterials/Widget3DPassThrough_Translucent_OneSided.uasset" 252
"../../../Engine/Content/EngineMeshes/Cylinder.uasset" 253
"../../../Engine/Content/EngineMeshes/Sphere.uasset" 254
"../../../Engine/Content/EngineResources/Black.uasset" 255
"../../../Engine/Content/EngineResources/DefaultTexture.uasset" 256
"../../../Engine/Content/EngineResources/DefaultTextureCube.uasset" 257
"../../../Engine/Content/EngineResources/DefaultVolumeTexture2D.uasset" 258
"../../../Engine/Content/EngineResources/DefaultVolumeTexture.uasset" 259
"../../../Engine/Content/EngineResources/GradientTexture0.uasset" 260
"../../../Engine/Content/EngineSounds/Master.uasset" 261
"../../../Engine/Content/Functions/Engine_MaterialFunctions01/Shading/ConvertFromDiffSpec.uasset" 262
"../../../Engine/Content/Functions/Engine_MaterialFunctions01/Shading/PowerToRoughness.uasset" 263
"../../../Engine/Content/Maps/Templates/Thumbnails/Default.uasset" 264
"../../../Engine/Content/Maps/Templates/Thumbnails/TimeOfDay.uasset" 265
"../../../Engine/Content/Maps/Templates/Thumbnails/VR-Basic.uasset" 266
"../../../Engine/Content/MobileResources/T_MobileControls_texture.uasset" 267
"../../../Engine/Content/MobileResources/T_MobileMenu2.uasset" 268
"../../../Engine/Content/MobileResources/HUD/AnalogHat.uasset" 269
"../../../Engine/Content/MobileResources/HUD/VirtualJoystick_Background.uasset" 270
"../../../Engine/Content/MobileResources/HUD/VirtualJoystick_Thumb.uasset" 271
"../../../Engine/Content/MobileResources/HUD/DefaultVirtualJoysticks.uasset" 272
"../../../Engine/Content/MobileResources/HUD/LeftVirtualJoystickOnly.uasset" 273
"../../../Engine/Content/MobileResources/HUD/MobileHUDButton1_off.uasset" 274
"../../../Engine/Content/MobileResources/HUD/MobileHUDButton1_on.uasset" 275
"../../../Engine/Content/MobileResources/HUD/MobileHUDButton2_off.uasset" 276
"../../../Engine/Content/MobileResources/HUD/MobileHUDButton2_on.uasset" 277
"../../../Engine/Content/MobileResources/HUD/MobileHUDButton3.uasset" 278
"../../../Engine/Content/MobileResources/HUD/MobileHUDButtonFire.uasset" 279
"../../../Engine/Content/MobileResources/HUD/MobileHUDDirectionPad.uasset" 280
"../../../Engine/Content/MobileResources/HUD/MobileHUDDirectionPad2.uasset" 281
"../../../Engine/Content/MobileResources/HUD/MobileHUDDirectionPad3.uasset" 282
"../../../Engine/Content/MobileResources/HUD/MobileHUDDirectionStick.uasset" 283
"../../../Engine/Content/MobileResources/HUD/T_Castle_ThumbstickInner.uasset" 284
"../../../Engine/Content/MobileResources/HUD/T_Castle_ThumbstickOutter.uasset" 285
"../../../Engine/Content/Tutorial/ContentIntroCurve.uasset" 286
"../../../Engine/Content/Tutorial/Basics/LevelEditorAttract.uasset" 287
"../../../Engine/Content/Tutorial/BlueprintTutorials/TutorialAssets/Blueprint_64x.uasset" 288
"../../../Engine/Content/Tutorial/BlueprintTutorials/BlueprintEditorTutorial.uasset" 289
"../../../Engine/Content/VREditor/LaserPointer/VR_LaserPower_01.uasset" 290
"../../../Engine/Content/VREditor/TransformGizmo/TransformGizmoMaterial.uasset" 291
"../../../Engine/Content/VREditor/TransformGizmo/TranslucentTransformGizmoMaterial.uasset" 292
"../../../Engine/Content/VREditor/TransformGizmo/BoundingBoxCorner.uasset" 293
"../../../Engine/Content/VREditor/TransformGizmo/BoundingBoxEdge.uasset" 294
"../../../Engine/Content/VREditor/TransformGizmo/PlaneTranslationHandle.uasset" 295
"../../../Engine/Content/VREditor/TransformGizmo/Main.uasset" 296
"../../../Engine/Content/VREditor/TransformGizmo/Xray.uasset" 297
"../../../Engine/Content/VREditor/TransformGizmo/SM_Sequencer_Key.uasset" 298
"../../../Engine/Content/VREditor/TransformGizmo/SM_Sequencer_Node.uasset" 299
"../../Plugins/2D/Paper2D/Content/DummySprite.uasset" 300
"../../Plugins/2D/Paper2D/Content/DefaultPaperTerrainMaterial.uasset" 301
"../../Plugins/2D/Paper2D/Content/MaskedUnlitSpriteMaterial.uasset" 302
"../../Plugins/2D/Paper2D/Content/OpaqueUnlitSpriteMaterial.uasset" 303
"../../../Engine/Content/Functions/Engine_MaterialFunctions02/Utility/BreakOutFloat4Components.uasset" 304
"../../../Engine/Content/Functions/Engine_MaterialFunctions02/Utility/MakeFloat2.uasset" 305
"../../../Engine/Content/Functions/Engine_MaterialFunctions02/Utility/MakeFloat3.uasset" 306
"../../Plugins/Runtime/Oculus/OculusVR/Content/Materials/OculusMR_ChromaKey.uasset" 307
"../../Plugins/Runtime/Oculus/OculusVR/Content/Materials/OculusMR_ChromaKey_Lit.uasset" 308
"../../Plugins/Runtime/Oculus/OculusVR/Content/Materials/OculusMR_OpaqueColoredMaterial.uasset" 309
"../../Plugins/Runtime/Oculus/OculusVR/Content/Materials/OculusMR_WhiteMaterial.uasset" 310
"../../../Engine/Content/EditorBlueprintResources/StandardMacros.uasset" 311
"../../../Engine/Content/EngineSky/C_Sky_Cloud_Color.uasset" 312
"../../../Engine/Content/EngineSky/C_Sky_Horizon_Color.uasset" 313
"../../../Engine/Content/EngineSky/C_Sky_Zenith_Color.uasset" 314
"../../../Engine/Content/EngineSky/T_Sky_Blue.uasset" 315
"../../../Engine/Content/EngineSky/T_Sky_Clouds_M.uasset" 316
"../../../Engine/Content/EngineSky/T_Sky_Stars.uasset" 317
"../../../Engine/Content/EngineSky/M_Sky_Panning_Clouds2.uasset" 318
"../../../Engine/Content/EngineSky/SM_SkySphere.uasset" 319
"../../../Engine/Content/EngineSky/BP_Sky_Sphere.uasset" 320
"../../../../../../Users/hasan/Documents/Unreal Projects/Tanks/Content/Sprites/Textures/Gargant/gargant/Dead_gargant_Dead_Gargant_0.uasset" 321
"../../../../../../Users/hasan/Documents/Unreal Projects/Tanks/Content/paperFlipbooks/Dead_gargant_Dead_Gargant.uasset" 322
"../../../../../../Users/hasan/Documents/Unreal Projects/Tanks/Content/Sprites/Textures/Gargant/gargant/gargant-attack.uasset" 323
"../../../../../../Users/hasan/Documents/Unreal Projects/Tanks/Content/Sprites/gargant-attack_Gargant_Attack_Sprite_0.uasset" 324
"../../../../../../Users/hasan/Documents/Unreal Projects/Tanks/Content/Sprites/gargant-attack_Gargant_Attack_Sprite_1.uasset" 325
"../../../../../../Users/hasan/Documents/Unreal Projects/Tanks/Content/Sprites/gargant-attack_Gargant_Attack_Sprite_2.uasset" 326
"../../../../../../Users/hasan/Documents/Unreal Projects/Tanks/Content/Sprites/gargant-attack_Gargant_Attack_Sprite_3.uasset" 327
"../../../../../../Users/hasan/Documents/Unreal Projects/Tanks/Content/Sprites/gargant-attack_Gargant_Attack_Sprite_4.uasset" 328
"../../../../../../Users/hasan/Documents/Unreal Projects/Tanks/Content/paperFlipbooks/gargant-attack_Gargant_Attack.uasset" 329
"../../../../../../Users/hasan/Documents/Unreal Projects/Tanks/Content/Sprites/Textures/Gargant/gargant/gargant-move.uasset" 330
"../../../../../../Users/hasan/Documents/Unreal Projects/Tanks/Content/Sprites/gargant-move_gargant_move_0.uasset" 331
"../../../../../../Users/hasan/Documents/Unreal Projects/Tanks/Content/Sprites/gargant-move_gargant_move_1.uasset" 332
"../../../../../../Users/hasan/Documents/Unreal Projects/Tanks/Content/Sprites/gargant-move_gargant_move_2.uasset" 333
"../../../../../../Users/hasan/Documents/Unreal Projects/Tanks/Content/Sprites/gargant-move_gargant_move_3.uasset" 334
"../../../../../../Users/hasan/Documents/Unreal Projects/Tanks/Content/Sprites/gargant-move_gargant_move_4.uasset" 335
"../../../../../../Users/hasan/Documents/Unreal Projects/Tanks/Content/Sprites/gargant-move_gargant_move_5.uasset" 336
"../../../../../../Users/hasan/Documents/Unreal Projects/Tanks/Content/Sprites/gargant-move_gargant_move_6.uasset" 337
"../../../../../../Users/hasan/Documents/Unreal Projects/Tanks/Content/Sprites/gargant-move_gargant_move_7.uasset" 338
"../../../../../../Users/hasan/Documents/Unreal Projects/Tanks/Content/paperFlipbooks/gargant-move_gargant_move.uasset" 339
"../../../../../../Users/hasan/Documents/Unreal Projects/Tanks/Content/Sounds/gargant_attack.uasset" 340
"../../../../../../Users/hasan/Documents/Unreal Projects/Tanks/Content/Sprites/gargant-stand.uasset" 341
"../../../../../../Users/hasan/Documents/Unreal Projects/Tanks/Content/GargantBP.uasset" 342
"../../../../../../Users/hasan/Documents/Unreal Projects/Tanks/Content/MySpawner.uasset" 343
"../../../../../../Users/hasan/Documents/Unreal Projects/Tanks/Content/NewMap_BuiltData.uasset" 344
"../../../../../../Users/hasan/Documents/Unreal Projects/Tanks/Content/Sprites/Textures/grass.uasset" 345
"../../../../../../Users/hasan/Documents/Unreal Projects/Tanks/Content/Sprites/Textures/grass_Mat.uasset" 346
"../../../Engine/Content/MapTemplates/SM_Template_Map_Floor.uasset" 347
"../../../../../../Users/hasan/Documents/Unreal Projects/Tanks/Content/NewMap.umap" 348
"../../../Engine/Content/Maps/Entry_BuiltData.uasset" 349
"../../../Engine/Content/Maps/Entry.umap" 350
